<?xml version="1.0" encoding="UTF-8"?>
<!-- Generated by org.testng.reporters.JUnitReportReporter -->
<testsuite hostname="sandhya" failures="0" tests="2" name="qaclickacademy.AppiumTest" time="0.018" errors="0" timestamp="2022-07-19T20:51:11 IST" skipped="0">
  <testcase classname="qaclickacademy.AppiumTest" name="IOSApps" time="0.016"/>
  <system-out/>
  <testcase classname="qaclickacademy.AppiumTest" name="NativeAppAndroid" time="0.002"/>
  <system-out/>
</testsuite> <!-- qaclickacademy.AppiumTest -->
