<?xml version="1.0" encoding="UTF-8"?>
<!-- Generated by org.testng.reporters.JUnitReportReporter -->
<testsuite hostname="sandhya" failures="0" tests="2" name="qaclickacademy.RestApi" time="0.013" errors="0" timestamp="2022-07-01T20:14:49 IST" skipped="0">
  <testcase classname="qaclickacademy.RestApi" name="PostJira" time="0.011"/>
  <system-out/>
  <testcase classname="qaclickacademy.RestApi" name="deleteTwitter" time="0.002"/>
  <system-out/>
</testsuite> <!-- qaclickacademy.RestApi -->
