<?xml version="1.0" encoding="UTF-8"?>
<!-- Generated by org.testng.reporters.JUnitReportReporter -->
<testsuite hostname="sandhya" failures="0" tests="2" name="qaclickacademy.seleniumTest" time="0.014" errors="0" timestamp="2022-07-01T20:14:56 IST" skipped="0">
  <testcase classname="qaclickacademy.seleniumTest" name="elementsUi" time="0.002"/>
  <system-out/>
  <testcase classname="qaclickacademy.seleniumTest" name="BrowserAutomation" time="0.012"/>
  <system-out/>
</testsuite> <!-- qaclickacademy.seleniumTest -->
