<?xml version="1.0" encoding="UTF-8"?>
<!-- Generated by org.testng.reporters.JUnitReportReporter -->
<testsuite hostname="sandhya" failures="0" tests="2" name="qaclickacademy.seleniumTest" time="0.000" errors="0" timestamp="2022-07-25T11:20:09 IST" skipped="0">
  <testcase classname="qaclickacademy.seleniumTest" name="elementsUi" time="0.000"/>
  <system-out/>
  <testcase classname="qaclickacademy.seleniumTest" name="BrowserAutomation" time="0.000"/>
  <system-out/>
</testsuite> <!-- qaclickacademy.seleniumTest -->
